Environment at start of build:
ALLUSERSPROFILE = C:\ProgramData
APPDATA = C:\Users\MindTitan\AppData\Roaming
CommonProgramFiles = C:\Program Files (x86)\Common Files
CommonProgramFiles(x86) = C:\Program Files (x86)\Common Files
CommonProgramW6432 = C:\Program Files\Common Files
COMPUTERNAME = DESKTOP-6G3BCKR
ComSpec = C:\WINDOWS\system32\cmd.exe
DriverData = C:\Windows\System32\Drivers\DriverData
FPS_BROWSER_APP_PROFILE_STRING = Internet Explorer
FPS_BROWSER_USER_PROFILE_STRING = Default
HOMEDRIVE = C:
HOMEPATH = \Users\MindTitan
INTELGTDEBUGGERROOT = C:\Intel\OpenCL\debugger\
INTELOCLPATH = C:\Intel\OpenCL\sdk\bin\x64;C:\Intel\OpenCL\sdk\bin\x86
INTELOCLSDKROOT = C:\Intel\OpenCL\sdk\
LOCALAPPDATA = C:\Users\MindTitan\AppData\Local
LOGONSERVER = \\DESKTOP-6G3BCKR
MSBuildLoadMicrosoftTargetsReadOnly = true
MSMPI_BIN = C:\Program Files\Microsoft MPI\Bin\
NUMBER_OF_PROCESSORS = 4
NVIDIAWHITELISTED = 0x01
OneDrive = C:\Users\MindTitan\OneDrive
OneDriveConsumer = C:\Users\MindTitan\OneDrive
OS = Windows_NT
Path = C:\Windows\System32\DriverStore\FileRepository\igdlh64.inf_amd64_463164d40c3d26ce\;C:\Intel\OpenCL\sdk\bin\x64;C:\Intel\OpenCL\sdk\bin\x86;C:\Intel\OpenCL\sdk\bin\Pin;C:\Intel\OpenCL\sdk\bin\GTPin;C:\Program Files\Microsoft MPI\Bin\;C:\Program Files (x86)\Common Files\Oracle\Java\javapath;C:\ProgramData\Oracle\Java\javapath;C:\WINDOWS\system32;C:\WINDOWS;C:\WINDOWS\System32\Wbem;C:\WINDOWS\System32\WindowsPowerShell\v1.0\;C:\Program Files (x86)\NVIDIA Corporation\PhysX\Common;C:\WINDOWS\system32;C:\WINDOWS;C:\WINDOWS\System32\Wbem;C:\WINDOWS\System32\WindowsPowerShell\v1.0\;C:\WINDOWS\System32\OpenSSH\;C:\Program Files\dotnet\;C:\Program Files\Microsoft SQL Server\130\Tools\Binn\;E:\Program Files\Microsoft VS Code\bin;C:\Program Files\nodejs\;C:\Program Files\Microsoft SQL Server\Client SDK\ODBC\130\Tools\Binn\;C:\Program Files (x86)\Microsoft SQL Server\140\Tools\Binn\;C:\Program Files\Microsoft SQL Server\140\Tools\Binn\;C:\Program Files\Microsoft SQL Server\140\DTS\Binn\;C:\Program Files (x86)\Microsoft SQL Server\Client SDK\ODBC\130\Tools\Binn\;C:\Program Files (x86)\Microsoft SQL Server\140\DTS\Binn\;C:\Program Files (x86)\Microsoft SQL Server\140\Tools\Binn\ManagementStudio\;C:\PostgreSQL\pg11\bin;C:\Program Files\Git\cmd;C:\MinGW\bin;C:\Users\MindTitan\AppData\Local\Microsoft\WindowsApps;C:\Users\MindTitan\AppData\Local\atom\bin;C:\Program Files\Java\jdk1.8.0_144\bin;C:\Users\MindTitan\AppData\Local\Microsoft\WindowsApps;C:\Users\MindTitan\AppData\Roaming\npm;C:\MinGW\bin;C:\Program Files\CMake\bin
PATHEXT = .COM;.EXE;.BAT;.CMD;.VBS;.VBE;.JS;.JSE;.WSF;.WSH;.MSC
PkgDefApplicationConfigFile = C:\Users\MindTitan\AppData\Local\Microsoft\VisualStudio\15.0_33ab4b4e\devenv.exe.config
PROCESSOR_ARCHITECTURE = x86
PROCESSOR_ARCHITEW6432 = AMD64
PROCESSOR_IDENTIFIER = Intel64 Family 6 Model 158 Stepping 9, GenuineIntel
PROCESSOR_LEVEL = 6
PROCESSOR_REVISION = 9e09
ProgramData = C:\ProgramData
ProgramFiles = C:\Program Files (x86)
ProgramFiles(x86) = C:\Program Files (x86)
ProgramW6432 = C:\Program Files
PSModulePath = %ProgramFiles%\WindowsPowerShell\Modules;C:\WINDOWS\system32\WindowsPowerShell\v1.0\Modules;C:\Program Files (x86)\Microsoft SQL Server\140\Tools\PowerShell\Modules\
PUBLIC = C:\Users\Public
SHIM_MCCOMPAT = 0x810000001
SystemDrive = C:
SystemRoot = C:\WINDOWS
TEMP = C:\Users\MINDTI~1\AppData\Local\Temp
TMP = C:\Users\MINDTI~1\AppData\Local\Temp
USERDOMAIN = DESKTOP-6G3BCKR
USERDOMAIN_ROAMINGPROFILE = DESKTOP-6G3BCKR
USERNAME = MindTitan
USERPROFILE = C:\Users\MindTitan
VBOX_MSI_INSTALL_PATH = C:\Program Files\Oracle\VirtualBox\
VisualStudioDir = E:\Documents\Visual Studio 2017
VisualStudioEdition = Microsoft Visual Studio Community 2017
VisualStudioVersion = 15.0
VSAPPIDDIR = C:\Program Files (x86)\Microsoft Visual Studio\2017\Community\Common7\IDE\
VSAPPIDNAME = devenv.exe
VSLANG = 1033
VSSKUEDITION = Community
windir = C:\WINDOWS

  Building Custom Rule C:/dev/Athena/Sandbox/res/models/assimp-3.3.1/code/CMakeLists.txt
  CMake does not need to re-run because C:/dev/Athena/Sandbox/res/models/build/code/CMakeFiles/generate.stamp is up-to-date.
  Assimp.cpp
  BaseImporter.cpp
  BaseProcess.cpp
  PostStepRegistry.cpp
  ImporterRegistry.cpp
  DefaultIOStream.cpp
  DefaultIOSystem.cpp
  Importer.cpp
  SGSpatialSort.cpp
  VertexTriangleAdjacency.cpp
  SpatialSort.cpp
  SceneCombiner.cpp
  ScenePreprocessor.cpp
  SkeletonMeshBuilder.cpp
  SplitByBoneCountProcess.cpp
  StandardShapes.cpp
  TargetAnimation.cpp
  RemoveComments.cpp
  Subdivision.cpp
  Bitmap.cpp
  Version.cpp
  DefaultLogger.cpp
  Exporter.cpp
  AssimpCExport.cpp
  CalcTangentsProcess.cpp
  ComputeUVMappingProcess.cpp
  ConvertToLHProcess.cpp
  FindDegenerates.cpp
  FindInstancesProcess.cpp
  FindInvalidDataProcess.cpp
  FixNormalsStep.cpp
  GenFaceNormalsProcess.cpp
  GenVertexNormalsProcess.cpp
  PretransformVertices.cpp
  ImproveCacheLocality.cpp
  JoinVerticesProcess.cpp
  LimitBoneWeightsProcess.cpp
  RemoveRedundantMaterials.cpp
  RemoveVCProcess.cpp
  SortByPTypeProcess.cpp
  SplitLargeMeshes.cpp
  TextureTransform.cpp
  TriangulateProcess.cpp
  ValidateDataStructure.cpp
  OptimizeGraph.cpp
  OptimizeMeshes.cpp
  DeboneProcess.cpp
  ProcessHelper.cpp
  MakeVerboseFormat.cpp
  MaterialSystem.cpp
  StepExporter.cpp
  3DSConverter.cpp
  3DSLoader.cpp
  3DSExporter.cpp
  ACLoader.cpp
  ASELoader.cpp
  ASEParser.cpp
  AssbinExporter.cpp
  AssbinLoader.cpp
  AssxmlExporter.cpp
  B3DImporter.cpp
  BVHLoader.cpp
  ColladaLoader.cpp
  ColladaParser.cpp
  ColladaExporter.cpp
  DXFLoader.cpp
  CSMLoader.cpp
  HMPLoader.cpp
  IRRMeshLoader.cpp
  IRRShared.cpp
  IRRLoader.cpp
  LWOAnimation.cpp
  LWOBLoader.cpp
  LWOLoader.cpp
  LWOMaterial.cpp
  LWSLoader.cpp
  MD2Loader.cpp
  MD3Loader.cpp
  MD5Loader.cpp
  MD5Parser.cpp
  MDCLoader.cpp
  MDLLoader.cpp
  MDLMaterialLoader.cpp
  NFFLoader.cpp
  NDOLoader.cpp
  OFFLoader.cpp
  ObjFileImporter.cpp
  ObjFileMtlImporter.cpp
  ObjFileParser.cpp
  ObjExporter.cpp
  OgreImporter.cpp
  OgreStructs.cpp
  OgreBinarySerializer.cpp
  OgreXmlSerializer.cpp
  OgreMaterial.cpp
  OpenGEXExporter.cpp
  OpenGEXImporter.cpp
C:\dev\Athena\Sandbox\res\models\assimp-3.3.1\code\OgreMaterial.cpp(96): warning C4267: 'argument': conversion from 'size_t' to 'uint16_t', possible loss of data
  PlyLoader.cpp
  PlyParser.cpp
  PlyExporter.cpp
  MS3DLoader.cpp
  COBLoader.cpp
  BlenderLoader.cpp
  BlenderDNA.cpp
  BlenderScene.cpp
  BlenderModifier.cpp
  BlenderBMesh.cpp
  BlenderTessellator.cpp
  IFCLoader.cpp
  IFCUtil.cpp
  IFCGeometry.cpp
  IFCMaterial.cpp
  IFCProfile.cpp
  IFCCurve.cpp
  IFCBoolean.cpp
  IFCOpenings.cpp
  STEPFileReader.cpp
  STEPFileEncoding.cpp
  XGLLoader.cpp
  FBXImporter.cpp
  FBXParser.cpp
  FBXTokenizer.cpp
  FBXConverter.cpp
  FBXUtil.cpp
  FBXDocument.cpp
  FBXProperties.cpp
  FBXMeshGeometry.cpp
  FBXMaterial.cpp
  FBXModel.cpp
  FBXAnimation.cpp
  FBXNodeAttribute.cpp
  FBXDeformer.cpp
  FBXBinaryTokenizer.cpp
  FBXDocumentUtil.cpp
  Q3DLoader.cpp
  Q3BSPFileParser.cpp
  Q3BSPFileImporter.cpp
  Q3BSPZipArchive.cpp
  RawLoader.cpp
  SIBImporter.cpp
  SMDLoader.cpp
  STLLoader.cpp
  STLExporter.cpp
  TerragenLoader.cpp
  UnrealLoader.cpp
  XFileImporter.cpp
  XFileParser.cpp
  XFileExporter.cpp
  glTFImporter.cpp
  glTFExporter.cpp
  D3MFImporter.cpp
  D3MFOpcPackage.cpp
  irrXML.cpp
  shapes.cc
  advancing_front.cc
  cdt.cc
  sweep.cc
  sweep_context.cc
  clipper.cpp
  OpenDDLParser.cpp
  DDLNode.cpp
  OpenDDLCommon.cpp
  OpenDDLExport.cpp
  Value.cpp
  IFCReaderGen.cpp
  ConvertUTF.c
  ioapi.c
  unzip.c
     Creating library C:/dev/Athena/Sandbox/res/models/build/code/Debug/assimp-vc140-mt.lib and object C:/dev/Athena/Sandbox/res/models/build/code/Debug/assimp-vc140-mt.exp
  assimp.vcxproj -> C:\dev\Athena\Sandbox\res\models\build\code\Debug\assimp-vc140-mt.dll

Project Performance Summary:
        0 ms  C:\dev\Athena\Sandbox\res\models\build\ZERO_CHECK.vcxproj   4 calls
                  0 ms  GetTargetPath                              1 calls
                  0 ms  GetNativeManifest                          1 calls
                  0 ms  GetResolvedLinkLibs                        1 calls
                  0 ms  GetCopyToOutputDirectoryItems              1 calls
        2 ms  C:\dev\Athena\Sandbox\res\models\build\contrib\zlib\zlibstatic.vcxproj   4 calls
                  0 ms  GetTargetPath                              1 calls
                  1 ms  GetNativeManifest                          1 calls
                  1 ms  GetResolvedLinkLibs                        1 calls
                  0 ms  GetCopyToOutputDirectoryItems              1 calls
    77473 ms  C:\dev\Athena\Sandbox\res\models\build\code\assimp.vcxproj   1 calls
              77473 ms  Build                                      1 calls

Target Performance Summary:
        0 ms  Build                                      1 calls
        0 ms  AfterBuildCompileEvent                     1 calls
        0 ms  _ResourceCompile                           1 calls
        0 ms  AfterResourceCompile                       1 calls
        0 ms  MakeDirsForBscMake                         1 calls
        0 ms  BeforeResourceCompile                      1 calls
        0 ms  _ClCompile                                 1 calls
        0 ms  AfterClCompile                             1 calls
        0 ms  _BscMake                                   1 calls
        0 ms  SelectClCompile                            1 calls
        0 ms  _GenerateSatelliteAssemblyInputs           1 calls
        0 ms  CreateSatelliteAssemblies                  1 calls
        0 ms  ComputeReferenceCLInput                    1 calls
        0 ms  _Appverifier                               1 calls
        0 ms  BeforeClCompile                            1 calls
        0 ms  BuildCompileTraverse                       1 calls
        0 ms  BuildGenerateSources                       1 calls
        0 ms  _BuildGenerateSourcesAction                1 calls
        0 ms  _BuildCompileAction                        1 calls
        0 ms  AfterBuildGenerateSourcesEvent             1 calls
        0 ms  BuildCompile                               1 calls
        0 ms  ComputeLegacyManifestEmbedding             1 calls
        0 ms  _Link                                      1 calls
        0 ms  PrepareResourceNames                       1 calls
        0 ms  CreateCustomManifestResourceNames          1 calls
        0 ms  _ALink                                     1 calls
        0 ms  AssignTargetPaths                          1 calls
        0 ms  _Manifest                                  1 calls
        0 ms  ComputeReferenceLinkInputs                 1 calls
        0 ms  ComputeResolveLinkObj                      1 calls
        0 ms  ResolvedXDCMake                            1 calls
        0 ms  MakeDirsForXdcMake                         1 calls
        0 ms  ComputeLinkInputsFromProject               1 calls
        0 ms  _XdcMake                                   1 calls
        0 ms  ComputeCLCompileGeneratedSbrFiles          1 calls
        0 ms  ComputeManifestGeneratedLinkerInputs       1 calls
        0 ms  ComputeRCGeneratedLinkInputs               1 calls
        0 ms  ComputeRCOutputs                           1 calls
        0 ms  BeforeLink                                 1 calls
        0 ms  BuildLinkTraverse                          1 calls
        0 ms  AfterLink                                  1 calls
        0 ms  AfterBuildGenerateSources                  1 calls
        0 ms  AfterMidl                                  1 calls
        0 ms  PlatformPrepareForBuild                    1 calls
        0 ms  GetResolvedWinMD                           1 calls
        0 ms  SetBuildDefaultEnvironmentVariables        1 calls
        0 ms  PostBuildEvent                             1 calls
        0 ms  GetFrameworkPaths                          1 calls
        0 ms  _BuildLinkAction                           1 calls
        0 ms  GetTargetPath                              1 calls
        0 ms  BuildLink                                  1 calls
        0 ms  _RemoveNameMetadataFromProjectReferenceItems   1 calls
        0 ms  PrepareProjectReferences                   1 calls
        0 ms  _GetProjectReferenceTargetFrameworkProperties   1 calls
        0 ms  AfterBuild                                 1 calls
        0 ms  AssignProjectConfiguration                 1 calls
        0 ms  BeforeResolveReferences                    1 calls
        0 ms  _PrepareForReferenceResolution             1 calls
        0 ms  _PrepareForBuild                           1 calls
        0 ms  SetTelemetryEnvironmentVariables           1 calls
        0 ms  SetCABuildNativeEnvironmentVariables       1 calls
        0 ms  _Midl                                      1 calls
        0 ms  PrepareForRun                              1 calls
        0 ms  ExpandSDKReferences                        1 calls
        0 ms  ComputeMIDLGeneratedCompileInputs          1 calls
        0 ms  MakeDirsForMidl                            1 calls
        0 ms  _Xsd                                       1 calls
        0 ms  _Deploy                                    1 calls
        0 ms  GetCopyToOutputDirectoryXamlAppDefs        1 calls
        0 ms  _CopySourceItemsToOutputDirectory          1 calls
        0 ms  SelectCustomBuild                          1 calls
        0 ms  _SelectedFiles                             1 calls
        0 ms  ResolveSDKReferences                       1 calls
        0 ms  PreLinkEvent                               1 calls
        0 ms  BeforeBuildGenerateSources                 1 calls
        0 ms  BuildGenerateSourcesTraverse               1 calls
        0 ms  _CheckForCompileOutputs                    1 calls
        0 ms  ResolveReferences                          1 calls
        0 ms  AfterResolveReferences                     1 calls
        0 ms  CopyFilesToOutputDirectory                 1 calls
        0 ms  _HandlePackageFileConflicts                1 calls
        0 ms  PreBuildEvent                              1 calls
        1 ms  _CheckWindowsSDKInstalled                  1 calls
        1 ms  MakeDirsForCl                              1 calls
        1 ms  _CheckForInvalidConfigurationAndPlatform   1 calls
        1 ms  GetNativeManifest                          1 calls
        1 ms  CopyFileToFolders                          1 calls
        1 ms  ComputeCLInputPDBName                      1 calls
        1 ms  DoLinkOutputFilesMatch                     1 calls
        1 ms  SplitResourcesByCulture                    1 calls
        1 ms  _SplitProjectReferencesByFileExistence     1 calls
        1 ms  GetResolvedLinkLibs                        1 calls
        1 ms  ComputeManifestInputsTargets               1 calls
        1 ms  ComputeCLGeneratedLinkInputs               1 calls
        1 ms  ResolveAssemblyReferences                  1 calls
        1 ms  ComputeCustomBuildOutput                   1 calls
        1 ms  ComputeCLCompileGeneratedXDCFiles          1 calls
        1 ms  GetReferenceAssemblyPaths                  1 calls
        2 ms  MakeDirsForResourceCompile                 1 calls
        2 ms  FinalizeBuildStatus                        1 calls
        2 ms  RegisterOutput                             1 calls
        2 ms  ComputeLinkSwitches                        1 calls
        2 ms  MakeDirsForLink                            1 calls
        2 ms  ComputeLinkImportLibraryOutputsForClean    1 calls
        2 ms  FixupCLCompileOptions                      1 calls
        2 ms  GetCopyToOutputDirectoryItems              1 calls
        4 ms  ComputeCLOutputs                           1 calls
        6 ms  ResolvedLinkLib                            1 calls
       11 ms  InitializeBuildStatus                      1 calls
       12 ms  ResolveProjectReferences                   1 calls
       22 ms  WarnCompileDuplicatedFilename              1 calls
       22 ms  PrepareForBuild                            1 calls
      129 ms  CustomBuild                                1 calls
     8472 ms  Link                                       1 calls
    68763 ms  ClCompile                                  1 calls

Task Performance Summary:
        0 ms  Message                                    3 calls
        0 ms  SetEnv                                     8 calls
        0 ms  AssignProjectConfiguration                 1 calls
        0 ms  ResolveNonMSBuildProjectOutput             1 calls
        0 ms  AssignTargetPath                           6 calls
        0 ms  ResolvePackageFileConflicts                1 calls
        0 ms  ReadLinesFromFile                          1 calls
        0 ms  AssignCulture                              1 calls
        0 ms  GetOutOfDateItems                          2 calls
        1 ms  Delete                                     2 calls
        3 ms  Touch                                      2 calls
       10 ms  WriteLinesToFile                           2 calls
       20 ms  MSBuild                                    4 calls
       23 ms  MakeDir                                    9 calls
      129 ms  CustomBuild                                1 calls
     8450 ms  Link                                       1 calls
    68738 ms  CL                                         3 calls
