Environment at start of build:
ALLUSERSPROFILE = C:\ProgramData
APPDATA = C:\Users\MindTitan\AppData\Roaming
CommonProgramFiles = C:\Program Files (x86)\Common Files
CommonProgramFiles(x86) = C:\Program Files (x86)\Common Files
CommonProgramW6432 = C:\Program Files\Common Files
COMPUTERNAME = DESKTOP-6G3BCKR
ComSpec = C:\WINDOWS\system32\cmd.exe
DriverData = C:\Windows\System32\Drivers\DriverData
FPS_BROWSER_APP_PROFILE_STRING = Internet Explorer
FPS_BROWSER_USER_PROFILE_STRING = Default
HOMEDRIVE = C:
HOMEPATH = \Users\MindTitan
INTELGTDEBUGGERROOT = C:\Intel\OpenCL\debugger\
INTELOCLPATH = C:\Intel\OpenCL\sdk\bin\x64;C:\Intel\OpenCL\sdk\bin\x86
INTELOCLSDKROOT = C:\Intel\OpenCL\sdk\
LOCALAPPDATA = C:\Users\MindTitan\AppData\Local
LOGONSERVER = \\DESKTOP-6G3BCKR
MSBuildLoadMicrosoftTargetsReadOnly = true
MSMPI_BIN = C:\Program Files\Microsoft MPI\Bin\
NUMBER_OF_PROCESSORS = 4
NVIDIAWHITELISTED = 0x01
OneDrive = C:\Users\MindTitan\OneDrive
OneDriveConsumer = C:\Users\MindTitan\OneDrive
OS = Windows_NT
Path = C:\Windows\System32\DriverStore\FileRepository\igdlh64.inf_amd64_463164d40c3d26ce\;C:\Intel\OpenCL\sdk\bin\x64;C:\Intel\OpenCL\sdk\bin\x86;C:\Intel\OpenCL\sdk\bin\Pin;C:\Intel\OpenCL\sdk\bin\GTPin;C:\Program Files\Microsoft MPI\Bin\;C:\Program Files (x86)\Common Files\Oracle\Java\javapath;C:\ProgramData\Oracle\Java\javapath;C:\WINDOWS\system32;C:\WINDOWS;C:\WINDOWS\System32\Wbem;C:\WINDOWS\System32\WindowsPowerShell\v1.0\;C:\Program Files (x86)\NVIDIA Corporation\PhysX\Common;C:\WINDOWS\system32;C:\WINDOWS;C:\WINDOWS\System32\Wbem;C:\WINDOWS\System32\WindowsPowerShell\v1.0\;C:\WINDOWS\System32\OpenSSH\;C:\Program Files\dotnet\;C:\Program Files\Microsoft SQL Server\130\Tools\Binn\;E:\Program Files\Microsoft VS Code\bin;C:\Program Files\nodejs\;C:\Program Files\Microsoft SQL Server\Client SDK\ODBC\130\Tools\Binn\;C:\Program Files (x86)\Microsoft SQL Server\140\Tools\Binn\;C:\Program Files\Microsoft SQL Server\140\Tools\Binn\;C:\Program Files\Microsoft SQL Server\140\DTS\Binn\;C:\Program Files (x86)\Microsoft SQL Server\Client SDK\ODBC\130\Tools\Binn\;C:\Program Files (x86)\Microsoft SQL Server\140\DTS\Binn\;C:\Program Files (x86)\Microsoft SQL Server\140\Tools\Binn\ManagementStudio\;C:\PostgreSQL\pg11\bin;C:\Program Files\Git\cmd;C:\MinGW\bin;C:\Users\MindTitan\AppData\Local\Microsoft\WindowsApps;C:\Users\MindTitan\AppData\Local\atom\bin;E:\Program Files\Microsoft VS Code\bin;C:\Program Files\Java\jdk1.8.0_144\bin;C:\Users\MindTitan\AppData\Local\Microsoft\WindowsApps;C:\Users\MindTitan\AppData\Roaming\npm;C:\MinGW\bin;C:\Program Files\CMake\bin;
PATHEXT = .COM;.EXE;.BAT;.CMD;.VBS;.VBE;.JS;.JSE;.WSF;.WSH;.MSC
PkgDefApplicationConfigFile = C:\Users\MindTitan\AppData\Local\Microsoft\VisualStudio\15.0_33ab4b4e\devenv.exe.config
PROCESSOR_ARCHITECTURE = x86
PROCESSOR_ARCHITEW6432 = AMD64
PROCESSOR_IDENTIFIER = Intel64 Family 6 Model 158 Stepping 9, GenuineIntel
PROCESSOR_LEVEL = 6
PROCESSOR_REVISION = 9e09
ProgramData = C:\ProgramData
ProgramFiles = C:\Program Files (x86)
ProgramFiles(x86) = C:\Program Files (x86)
ProgramW6432 = C:\Program Files
PSModulePath = C:\Program Files\WindowsPowerShell\Modules;C:\WINDOWS\system32\WindowsPowerShell\v1.0\Modules;C:\Program Files (x86)\Microsoft SQL Server\140\Tools\PowerShell\Modules\
PUBLIC = C:\Users\Public
SESSIONNAME = Console
SHIM_MCCOMPAT = 0x810000001
SystemDrive = C:
SystemRoot = C:\WINDOWS
TEMP = C:\Users\MINDTI~1\AppData\Local\Temp
TMP = C:\Users\MINDTI~1\AppData\Local\Temp
USERDOMAIN = DESKTOP-6G3BCKR
USERDOMAIN_ROAMINGPROFILE = DESKTOP-6G3BCKR
USERNAME = MindTitan
USERPROFILE = C:\Users\MindTitan
VBOX_MSI_INSTALL_PATH = C:\Program Files\Oracle\VirtualBox\
VisualStudioDir = E:\Documents\Visual Studio 2017
VisualStudioEdition = Microsoft Visual Studio Community 2017
VisualStudioVersion = 15.0
VSAPPIDDIR = C:\Program Files (x86)\Microsoft Visual Studio\2017\Community\Common7\IDE\
VSAPPIDNAME = devenv.exe
VSLANG = 1033
VSSKUEDITION = Community
windir = C:\WINDOWS

LINK : fatal error LNK1104: cannot open file 'C:\dev\Athena\Sandbox\res\Нова папка\code\Debug\assimp-vc140-mt.lib'

Project Performance Summary:
        0 ms  C:\dev\Athena\Sandbox\res\Нова папка\test\unit.vcxproj   3 calls
                  0 ms  GetTargetPath                              1 calls
                  0 ms  GetNativeManifest                          1 calls
                  0 ms  GetResolvedLinkLibs                        1 calls
        1 ms  C:\dev\Athena\Sandbox\res\Нова папка\ZERO_CHECK.vcxproj   6 calls
                  0 ms  GetTargetPath                              2 calls
                  1 ms  GetNativeManifest                          2 calls
                  0 ms  GetResolvedLinkLibs                        2 calls
        2 ms  C:\dev\Athena\Sandbox\res\Нова папка\test\gtest.vcxproj   3 calls
                  2 ms  GetTargetPath                              1 calls
                  0 ms  GetNativeManifest                          1 calls
                  0 ms  GetResolvedLinkLibs                        1 calls
        2 ms  C:\dev\Athena\Sandbox\res\Нова папка\code\assimp.vcxproj   3 calls
                  1 ms  GetTargetPath                              1 calls
                  1 ms  GetNativeManifest                          1 calls
                  0 ms  GetResolvedLinkLibs                        1 calls
        3 ms  C:\dev\Athena\Sandbox\res\Нова папка\tools\assimp_cmd\assimp_cmd.vcxproj   3 calls
                  3 ms  GetTargetPath                              1 calls
                  0 ms  GetNativeManifest                          1 calls
                  0 ms  GetResolvedLinkLibs                        1 calls
       33 ms  C:\dev\Athena\Sandbox\res\Нова папка\contrib\zlib\zlibstatic.vcxproj   3 calls
                  1 ms  GetTargetPath                              1 calls
                  1 ms  GetNativeManifest                          1 calls
                 31 ms  GetResolvedLinkLibs                        1 calls
     1091 ms  C:\dev\Athena\Sandbox\res\Нова папка\ALL_BUILD.vcxproj   1 calls
               1091 ms  Build                                      1 calls

Target Performance Summary:
        0 ms  AfterBuildGenerateSourcesEvent             1 calls
        0 ms  _Midl                                      1 calls
        0 ms  AfterBuildGenerateSources                  1 calls
        0 ms  _BuildGenerateSourcesAction                1 calls
        0 ms  BuildGenerateSources                       1 calls
        0 ms  BeforeClCompile                            1 calls
        0 ms  ComputeCLInputPDBName                      1 calls
        0 ms  ComputeReferenceCLInput                    1 calls
        0 ms  WarnCompileDuplicatedFilename              1 calls
        0 ms  MakeDirsForCl                              1 calls
        0 ms  AfterClCompile                             1 calls
        0 ms  _ClCompile                                 1 calls
        0 ms  BeforeResourceCompile                      1 calls
        0 ms  MakeDirsForResourceCompile                 1 calls
        0 ms  AfterResourceCompile                       1 calls
        0 ms  _ResourceCompile                           1 calls
        0 ms  AfterBuildCompileEvent                     1 calls
        0 ms  _BuildCompileAction                        1 calls
        0 ms  ComputeManifestInputsTargets               1 calls
        0 ms  ComputeReferenceLinkInputs                 1 calls
        0 ms  ComputeResolveLinkObj                      1 calls
        0 ms  GetResolvedLinkLibs                        6 calls
        0 ms  PrepareResourceNames                       1 calls
        0 ms  ComputeLinkInputsFromProject               1 calls
        0 ms  SplitResourcesByCulture                    1 calls
        0 ms  ComputeCLGeneratedLinkInputs               1 calls
        0 ms  ComputeManifestGeneratedLinkerInputs       1 calls
        0 ms  ComputeRCGeneratedLinkInputs               1 calls
        0 ms  ComputeRCOutputs                           1 calls
        0 ms  BeforeLink                                 1 calls
        0 ms  ComputeLegacyManifestEmbedding             1 calls
        0 ms  BuildCompile                               1 calls
        0 ms  ComputeCustomBuildOutput                   1 calls
        0 ms  ComputeMIDLGeneratedCompileInputs          1 calls
        0 ms  AfterMidl                                  1 calls
        0 ms  _Xsd                                       1 calls
        0 ms  SetTelemetryEnvironmentVariables           1 calls
        0 ms  _PrepareForBuild                           1 calls
        0 ms  BeforeResolveReferences                    2 calls
        0 ms  PrepareProjectReferences                   2 calls
        0 ms  _RemoveNameMetadataFromProjectReferenceItems   2 calls
        0 ms  PreLinkEvent                               1 calls
        0 ms  GetFrameworkPaths                          2 calls
        0 ms  GetReferenceAssemblyPaths                  2 calls
        0 ms  MakeDirsForMidl                            1 calls
        0 ms  DoLinkOutputFilesMatch                     1 calls
        0 ms  SetCABuildNativeEnvironmentVariables       2 calls
        0 ms  ResolveSDKReferences                       2 calls
        0 ms  SetBuildDefaultEnvironmentVariables        2 calls
        0 ms  _HandlePackageFileConflicts                2 calls
        0 ms  CopyFileToFolders                          1 calls
        0 ms  _SelectedFiles                             1 calls
        0 ms  BeforeBuildGenerateSources                 1 calls
        0 ms  ExpandSDKReferences                        2 calls
        0 ms  BuildGenerateSourcesTraverse               1 calls
        0 ms  CreateCustomManifestResourceNames          1 calls
        0 ms  ResolveAssemblyReferences                  2 calls
        0 ms  ResolveReferences                          2 calls
        0 ms  AfterResolveReferences                     2 calls
        1 ms  BuildCompileTraverse                       1 calls
        1 ms  ComputeLinkSwitches                        1 calls
        1 ms  AssignTargetPaths                          1 calls
        1 ms  _GetProjectReferenceTargetFrameworkProperties   2 calls
        1 ms  GetResolvedWinMD                           7 calls
        1 ms  PlatformPrepareForBuild                    2 calls
        1 ms  BuildLinkTraverse                          1 calls
        1 ms  PreBuildEvent                              1 calls
        1 ms  MakeDirsForLink                            1 calls
        2 ms  AssignProjectConfiguration                 2 calls
        2 ms  GetTargetPath                              6 calls
        3 ms  _PrepareForReferenceResolution             7 calls
        3 ms  GetNativeManifest                          6 calls
        4 ms  InitializeBuildStatus                      1 calls
        5 ms  _SplitProjectReferencesByFileExistence     2 calls
        7 ms  _CheckForInvalidConfigurationAndPlatform   2 calls
        9 ms  _CheckWindowsSDKInstalled                  2 calls
       17 ms  PrepareForBuild                            2 calls
       66 ms  ResolvedLinkLib                            2 calls
      163 ms  Link                                       1 calls
      839 ms  ResolveProjectReferences                   2 calls

Task Performance Summary:
        0 ms  Message                                    4 calls
        0 ms  SetEnv                                    13 calls
        0 ms  ResolveNonMSBuildProjectOutput             2 calls
        0 ms  ResolvePackageFileConflicts                2 calls
        0 ms  ReadLinesFromFile                          1 calls
        0 ms  GetOutOfDateItems                          1 calls
        0 ms  AssignTargetPath                           4 calls
        0 ms  AssignCulture                              1 calls
        1 ms  WriteLinesToFile                           1 calls
        2 ms  AssignProjectConfiguration                 2 calls
        2 ms  Touch                                      1 calls
       13 ms  MakeDir                                    9 calls
      163 ms  Link                                       1 calls
      905 ms  MSBuild                                    6 calls
