Environment at start of build:
ALLUSERSPROFILE = C:\ProgramData
APPDATA = C:\Users\MindTitan\AppData\Roaming
CommonProgramFiles = C:\Program Files (x86)\Common Files
CommonProgramFiles(x86) = C:\Program Files (x86)\Common Files
CommonProgramW6432 = C:\Program Files\Common Files
COMPUTERNAME = DESKTOP-6G3BCKR
ComSpec = C:\WINDOWS\system32\cmd.exe
DriverData = C:\Windows\System32\Drivers\DriverData
FPS_BROWSER_APP_PROFILE_STRING = Internet Explorer
FPS_BROWSER_USER_PROFILE_STRING = Default
HOMEDRIVE = C:
HOMEPATH = \Users\MindTitan
INTELGTDEBUGGERROOT = C:\Intel\OpenCL\debugger\
INTELOCLPATH = C:\Intel\OpenCL\sdk\bin\x64;C:\Intel\OpenCL\sdk\bin\x86
INTELOCLSDKROOT = C:\Intel\OpenCL\sdk\
LOCALAPPDATA = C:\Users\MindTitan\AppData\Local
LOGONSERVER = \\DESKTOP-6G3BCKR
MSBuildLoadMicrosoftTargetsReadOnly = true
MSMPI_BIN = C:\Program Files\Microsoft MPI\Bin\
NUMBER_OF_PROCESSORS = 4
NVIDIAWHITELISTED = 0x01
OneDrive = C:\Users\MindTitan\OneDrive
OneDriveConsumer = C:\Users\MindTitan\OneDrive
OS = Windows_NT
Path = C:\Windows\System32\DriverStore\FileRepository\igdlh64.inf_amd64_463164d40c3d26ce\;C:\Intel\OpenCL\sdk\bin\x64;C:\Intel\OpenCL\sdk\bin\x86;C:\Intel\OpenCL\sdk\bin\Pin;C:\Intel\OpenCL\sdk\bin\GTPin;C:\Program Files\Microsoft MPI\Bin\;C:\Program Files (x86)\Common Files\Oracle\Java\javapath;C:\ProgramData\Oracle\Java\javapath;C:\WINDOWS\system32;C:\WINDOWS;C:\WINDOWS\System32\Wbem;C:\WINDOWS\System32\WindowsPowerShell\v1.0\;C:\Program Files (x86)\NVIDIA Corporation\PhysX\Common;C:\WINDOWS\system32;C:\WINDOWS;C:\WINDOWS\System32\Wbem;C:\WINDOWS\System32\WindowsPowerShell\v1.0\;C:\WINDOWS\System32\OpenSSH\;C:\Program Files\dotnet\;C:\Program Files\Microsoft SQL Server\130\Tools\Binn\;E:\Program Files\Microsoft VS Code\bin;C:\Program Files\nodejs\;C:\Program Files\Microsoft SQL Server\Client SDK\ODBC\130\Tools\Binn\;C:\Program Files (x86)\Microsoft SQL Server\140\Tools\Binn\;C:\Program Files\Microsoft SQL Server\140\Tools\Binn\;C:\Program Files\Microsoft SQL Server\140\DTS\Binn\;C:\Program Files (x86)\Microsoft SQL Server\Client SDK\ODBC\130\Tools\Binn\;C:\Program Files (x86)\Microsoft SQL Server\140\DTS\Binn\;C:\Program Files (x86)\Microsoft SQL Server\140\Tools\Binn\ManagementStudio\;C:\PostgreSQL\pg11\bin;C:\Program Files\Git\cmd;C:\MinGW\bin;C:\Users\MindTitan\AppData\Local\Microsoft\WindowsApps;C:\Users\MindTitan\AppData\Local\atom\bin;C:\Program Files\Java\jdk1.8.0_144\bin;C:\Users\MindTitan\AppData\Local\Microsoft\WindowsApps;C:\Users\MindTitan\AppData\Roaming\npm;C:\MinGW\bin;C:\Program Files\CMake\bin
PATHEXT = .COM;.EXE;.BAT;.CMD;.VBS;.VBE;.JS;.JSE;.WSF;.WSH;.MSC
PkgDefApplicationConfigFile = C:\Users\MindTitan\AppData\Local\Microsoft\VisualStudio\15.0_33ab4b4e\devenv.exe.config
PROCESSOR_ARCHITECTURE = x86
PROCESSOR_ARCHITEW6432 = AMD64
PROCESSOR_IDENTIFIER = Intel64 Family 6 Model 158 Stepping 9, GenuineIntel
PROCESSOR_LEVEL = 6
PROCESSOR_REVISION = 9e09
ProgramData = C:\ProgramData
ProgramFiles = C:\Program Files (x86)
ProgramFiles(x86) = C:\Program Files (x86)
ProgramW6432 = C:\Program Files
PSModulePath = %ProgramFiles%\WindowsPowerShell\Modules;C:\WINDOWS\system32\WindowsPowerShell\v1.0\Modules;C:\Program Files (x86)\Microsoft SQL Server\140\Tools\PowerShell\Modules\
PUBLIC = C:\Users\Public
SHIM_MCCOMPAT = 0x810000001
SystemDrive = C:
SystemRoot = C:\WINDOWS
TEMP = C:\Users\MINDTI~1\AppData\Local\Temp
TMP = C:\Users\MINDTI~1\AppData\Local\Temp
USERDOMAIN = DESKTOP-6G3BCKR
USERDOMAIN_ROAMINGPROFILE = DESKTOP-6G3BCKR
USERNAME = MindTitan
USERPROFILE = C:\Users\MindTitan
VBOX_MSI_INSTALL_PATH = C:\Program Files\Oracle\VirtualBox\
VisualStudioDir = E:\Documents\Visual Studio 2017
VisualStudioEdition = Microsoft Visual Studio Community 2017
VisualStudioVersion = 15.0
VSAPPIDDIR = C:\Program Files (x86)\Microsoft Visual Studio\2017\Community\Common7\IDE\
VSAPPIDNAME = devenv.exe
VSLANG = 1033
VSSKUEDITION = Community
windir = C:\WINDOWS

  Error copying file (if different) from "C:/dev/Athena/build/code/Debug/assimp-vc140-mt.dll" to "C:/dev/Athena/build/tools/assimp_cmd/Debug".
C:\Program Files (x86)\Microsoft Visual Studio\2017\Community\Common7\IDE\VC\VCTargets\Microsoft.CppCommon.targets(128,5): error MSB3073: The command "setlocal
C:\Program Files (x86)\Microsoft Visual Studio\2017\Community\Common7\IDE\VC\VCTargets\Microsoft.CppCommon.targets(128,5): error MSB3073: "C:\Program Files\CMake\bin\cmake.exe" -E copy_if_different C:/dev/Athena/build/code/Debug/assimp-vc140-mt.dll C:/dev/Athena/build/tools/assimp_cmd/Debug
C:\Program Files (x86)\Microsoft Visual Studio\2017\Community\Common7\IDE\VC\VCTargets\Microsoft.CppCommon.targets(128,5): error MSB3073: if %errorlevel% neq 0 goto :cmEnd
C:\Program Files (x86)\Microsoft Visual Studio\2017\Community\Common7\IDE\VC\VCTargets\Microsoft.CppCommon.targets(128,5): error MSB3073: :cmEnd
C:\Program Files (x86)\Microsoft Visual Studio\2017\Community\Common7\IDE\VC\VCTargets\Microsoft.CppCommon.targets(128,5): error MSB3073: endlocal & call :cmErrorLevel %errorlevel% & goto :cmDone
C:\Program Files (x86)\Microsoft Visual Studio\2017\Community\Common7\IDE\VC\VCTargets\Microsoft.CppCommon.targets(128,5): error MSB3073: :cmErrorLevel
C:\Program Files (x86)\Microsoft Visual Studio\2017\Community\Common7\IDE\VC\VCTargets\Microsoft.CppCommon.targets(128,5): error MSB3073: exit /b %1
C:\Program Files (x86)\Microsoft Visual Studio\2017\Community\Common7\IDE\VC\VCTargets\Microsoft.CppCommon.targets(128,5): error MSB3073: :cmDone
C:\Program Files (x86)\Microsoft Visual Studio\2017\Community\Common7\IDE\VC\VCTargets\Microsoft.CppCommon.targets(128,5): error MSB3073: if %errorlevel% neq 0 goto :VCEnd
C:\Program Files (x86)\Microsoft Visual Studio\2017\Community\Common7\IDE\VC\VCTargets\Microsoft.CppCommon.targets(128,5): error MSB3073: :VCEnd" exited with code 1.

Project Performance Summary:
        0 ms  C:\dev\Athena\build\ZERO_CHECK.vcxproj     2 calls
                  0 ms  GetTargetPath                              1 calls
                  0 ms  GetNativeManifest                          1 calls
        0 ms  C:\dev\Athena\build\contrib\zlib\zlibstatic.vcxproj   2 calls
                  0 ms  GetTargetPath                              1 calls
                  0 ms  GetNativeManifest                          1 calls
        0 ms  C:\dev\Athena\build\code\assimp.vcxproj    2 calls
                  0 ms  GetTargetPath                              1 calls
                  0 ms  GetNativeManifest                          1 calls
        1 ms  C:\dev\Athena\build\contrib\irrXML\IrrXML.vcxproj   2 calls
                  0 ms  GetTargetPath                              1 calls
                  1 ms  GetNativeManifest                          1 calls
      200 ms  C:\dev\Athena\build\tools\assimp_cmd\assimp_cmd.vcxproj   1 calls
                200 ms  Build                                      1 calls

Target Performance Summary:
        0 ms  _CheckForInvalidConfigurationAndPlatform   1 calls
        0 ms  BuildGenerateSourcesTraverse               1 calls
        0 ms  ResolveReferences                          1 calls
        0 ms  AfterResolveReferences                     1 calls
        0 ms  ResolveAssemblyReferences                  1 calls
        0 ms  ExpandSDKReferences                        1 calls
        0 ms  ResolveSDKReferences                       1 calls
        0 ms  SetCABuildNativeEnvironmentVariables       1 calls
        0 ms  _CheckWindowsSDKInstalled                  1 calls
        0 ms  PlatformPrepareForBuild                    1 calls
        0 ms  BeforeBuildGenerateSources                 1 calls
        0 ms  GetReferenceAssemblyPaths                  1 calls
        0 ms  GetResolvedWinMD                           1 calls
        0 ms  _RemoveNameMetadataFromProjectReferenceItems   1 calls
        0 ms  PrepareProjectReferences                   1 calls
        0 ms  _GetProjectReferenceTargetFrameworkProperties   1 calls
        0 ms  AssignProjectConfiguration                 1 calls
        0 ms  BeforeResolveReferences                    1 calls
        0 ms  _PrepareForReferenceResolution             1 calls
        0 ms  _PrepareForBuild                           1 calls
        0 ms  GetFrameworkPaths                          1 calls
        1 ms  _SplitProjectReferencesByFileExistence     1 calls
        1 ms  _HandlePackageFileConflicts                1 calls
        1 ms  SetBuildDefaultEnvironmentVariables        1 calls
        1 ms  SetTelemetryEnvironmentVariables           1 calls
        2 ms  InitializeBuildStatus                      1 calls
        6 ms  PrepareForBuild                            1 calls
        9 ms  ResolveProjectReferences                   1 calls
      178 ms  PreBuildEvent                              1 calls

Task Performance Summary:
        0 ms  Message                                    2 calls
        0 ms  AssignProjectConfiguration                 1 calls
        0 ms  ReadLinesFromFile                          1 calls
        1 ms  ResolveNonMSBuildProjectOutput             1 calls
        1 ms  MakeDir                                    2 calls
        1 ms  WriteLinesToFile                           1 calls
        1 ms  ResolvePackageFileConflicts                1 calls
        1 ms  SetEnv                                     8 calls
        1 ms  Touch                                      1 calls
        7 ms  MSBuild                                    2 calls
      177 ms  Exec                                       1 calls
