Environment at start of build:
ALLUSERSPROFILE = C:\ProgramData
APPDATA = C:\Users\MindTitan\AppData\Roaming
CommonProgramFiles = C:\Program Files (x86)\Common Files
CommonProgramFiles(x86) = C:\Program Files (x86)\Common Files
CommonProgramW6432 = C:\Program Files\Common Files
COMPUTERNAME = DESKTOP-6G3BCKR
ComSpec = C:\WINDOWS\system32\cmd.exe
DriverData = C:\Windows\System32\Drivers\DriverData
FPS_BROWSER_APP_PROFILE_STRING = Internet Explorer
FPS_BROWSER_USER_PROFILE_STRING = Default
HOMEDRIVE = C:
HOMEPATH = \Users\MindTitan
INTELGTDEBUGGERROOT = C:\Intel\OpenCL\debugger\
INTELOCLPATH = C:\Intel\OpenCL\sdk\bin\x64;C:\Intel\OpenCL\sdk\bin\x86
INTELOCLSDKROOT = C:\Intel\OpenCL\sdk\
LOCALAPPDATA = C:\Users\MindTitan\AppData\Local
LOGONSERVER = \\DESKTOP-6G3BCKR
MSBuildLoadMicrosoftTargetsReadOnly = true
MSMPI_BIN = C:\Program Files\Microsoft MPI\Bin\
NUMBER_OF_PROCESSORS = 4
NVIDIAWHITELISTED = 0x01
OneDrive = C:\Users\MindTitan\OneDrive
OneDriveConsumer = C:\Users\MindTitan\OneDrive
OS = Windows_NT
Path = c:\program files (x86)\microsoft visual studio\2017\community\common7\ide\commonextensions\microsoft\teamfoundation\team explorer\NativeBinaries\x86;C:\Windows\System32\DriverStore\FileRepository\igdlh64.inf_amd64_463164d40c3d26ce\;C:\Intel\OpenCL\sdk\bin\x64;C:\Intel\OpenCL\sdk\bin\x86;C:\Intel\OpenCL\sdk\bin\Pin;C:\Intel\OpenCL\sdk\bin\GTPin;C:\Program Files\Microsoft MPI\Bin\;C:\Program Files (x86)\Common Files\Oracle\Java\javapath;C:\ProgramData\Oracle\Java\javapath;C:\WINDOWS\system32;C:\WINDOWS;C:\WINDOWS\System32\Wbem;C:\WINDOWS\System32\WindowsPowerShell\v1.0\;C:\Program Files (x86)\NVIDIA Corporation\PhysX\Common;C:\WINDOWS\system32;C:\WINDOWS;C:\WINDOWS\System32\Wbem;C:\WINDOWS\System32\WindowsPowerShell\v1.0\;C:\WINDOWS\System32\OpenSSH\;C:\Program Files\dotnet\;C:\Program Files\Microsoft SQL Server\130\Tools\Binn\;E:\Program Files\Microsoft VS Code\bin;C:\Program Files\nodejs\;C:\Program Files\Microsoft SQL Server\Client SDK\ODBC\130\Tools\Binn\;C:\Program Files (x86)\Microsoft SQL Server\140\Tools\Binn\;C:\Program Files\Microsoft SQL Server\140\Tools\Binn\;C:\Program Files\Microsoft SQL Server\140\DTS\Binn\;C:\Program Files (x86)\Microsoft SQL Server\Client SDK\ODBC\130\Tools\Binn\;C:\Program Files (x86)\Microsoft SQL Server\140\DTS\Binn\;C:\Program Files (x86)\Microsoft SQL Server\140\Tools\Binn\ManagementStudio\;C:\PostgreSQL\pg11\bin;C:\Program Files\Git\cmd;C:\MinGW\bin;C:\Users\MindTitan\AppData\Local\Microsoft\WindowsApps;C:\Users\MindTitan\AppData\Local\atom\bin;E:\Program Files\Microsoft VS Code\bin;C:\Program Files\Java\jdk1.8.0_144\bin;C:\Users\MindTitan\AppData\Local\Microsoft\WindowsApps;C:\Users\MindTitan\AppData\Roaming\npm;C:\MinGW\bin;C:\Program Files\CMake\bin;
PATHEXT = .COM;.EXE;.BAT;.CMD;.VBS;.VBE;.JS;.JSE;.WSF;.WSH;.MSC
PkgDefApplicationConfigFile = C:\Users\MindTitan\AppData\Local\Microsoft\VisualStudio\15.0_33ab4b4e\devenv.exe.config
PROCESSOR_ARCHITECTURE = x86
PROCESSOR_ARCHITEW6432 = AMD64
PROCESSOR_IDENTIFIER = Intel64 Family 6 Model 158 Stepping 9, GenuineIntel
PROCESSOR_LEVEL = 6
PROCESSOR_REVISION = 9e09
ProgramData = C:\ProgramData
ProgramFiles = C:\Program Files (x86)
ProgramFiles(x86) = C:\Program Files (x86)
ProgramW6432 = C:\Program Files
PSModulePath = C:\Program Files\WindowsPowerShell\Modules;C:\WINDOWS\system32\WindowsPowerShell\v1.0\Modules;C:\Program Files (x86)\Microsoft SQL Server\140\Tools\PowerShell\Modules\
PUBLIC = C:\Users\Public
SESSIONNAME = Console
SHIM_MCCOMPAT = 0x810000001
SystemDrive = C:
SystemRoot = C:\WINDOWS
TEMP = C:\Users\MINDTI~1\AppData\Local\Temp
TMP = C:\Users\MINDTI~1\AppData\Local\Temp
USERDOMAIN = DESKTOP-6G3BCKR
USERDOMAIN_ROAMINGPROFILE = DESKTOP-6G3BCKR
USERNAME = MindTitan
USERPROFILE = C:\Users\MindTitan
VBOX_MSI_INSTALL_PATH = C:\Program Files\Oracle\VirtualBox\
VisualStudioDir = E:\Documents\Visual Studio 2017
VisualStudioEdition = Microsoft Visual Studio Community 2017
VisualStudioVersion = 15.0
VSAPPIDDIR = C:\Program Files (x86)\Microsoft Visual Studio\2017\Community\Common7\IDE\
VSAPPIDNAME = devenv.exe
VSLANG = 1033
VSSKUEDITION = Community
windir = C:\WINDOWS

  _GLFW_WIN32
c1xx : fatal error C1083: Cannot open source file: '_GLFW_WIN32': No such file or directory
  EntryPoint.cpp
c:\dev\athena\athena\src\athena\ath_pch.h(20): fatal error C1083: Cannot open include file: 'glm/vec3.hpp': No such file or directory
  Mesh.cpp
c:\dev\athena\athena\src\athena\source\graphics\mesh.cpp(1): fatal error C1083: Cannot open include file: 'ath_pch.h': No such file or directory
  Model.cpp
c:\dev\athena\athena\src\athena\source\graphics\model.cpp(1): fatal error C1083: Cannot open include file: 'ath_pch.h': No such file or directory
  Shader.cpp
c:\dev\athena\athena\src\athena\source\graphics\shader.cpp(1): fatal error C1083: Cannot open include file: 'ath_pch.h': No such file or directory
  Square.cpp
c:\dev\athena\athena\src\athena\source\graphics\square.cpp(1): fatal error C1083: Cannot open include file: 'ath_pch.h': No such file or directory
  Render.cpp
c:\dev\athena\athena\src\athena\source\graphics\render.cpp(1): fatal error C1083: Cannot open include file: 'ath_pch.h': No such file or directory
  Application.cpp
c:\dev\athena\athena\src\athena\source\application.cpp(1): fatal error C1083: Cannot open include file: 'ath_pch.h': No such file or directory
  Layer.cpp
c:\dev\athena\athena\src\athena\layer\layer.cpp(1): fatal error C1083: Cannot open include file: 'ath_pch.h': No such file or directory
  LayerStack.cpp
c:\dev\athena\athena\src\athena\layer\layerstack.cpp(1): fatal error C1083: Cannot open include file: 'ath_pch.h': No such file or directory
  Texture.cpp
c:\dev\athena\athena\src\athena\source\graphics\texture.cpp(1): fatal error C1083: Cannot open include file: 'ath_pch.h': No such file or directory
  Log.cpp
c:\dev\athena\athena\src\athena\source\log.cpp(1): fatal error C1083: Cannot open include file: 'ath_pch.h': No such file or directory
  ImGuiOpenGLRenderer.cpp
c:\dev\athena\athena\src\athena\platform\opengl\imguiopenglrenderer.cpp(1): fatal error C1083: Cannot open include file: 'ath_pch.h': No such file or directory
  WindowsInput.cpp
c:\dev\athena\athena\src\athena\platform\windows\windowsinput.cpp(1): fatal error C1083: Cannot open include file: 'ath_pch.h': No such file or directory
  WindowsWindow.cpp
c:\dev\athena\athena\src\athena\platform\windows\windowswindow.cpp(1): fatal error C1083: Cannot open include file: 'ath_pch.h': No such file or directory
  ath_pch.cpp
c:\dev\athena\athena\src\athena\source\ath_pch.cpp(1): fatal error C1083: Cannot open include file: 'ath_pch.h': No such file or directory
  Generating Code...

Project Performance Summary:
        0 ms  C:\dev\Athena\Athena\vendor\imgui\ImGui.vcxproj   2 calls
                  0 ms  GetTargetPath                              1 calls
                  0 ms  GetNativeManifest                          1 calls
        1 ms  C:\dev\Athena\Athena\vendor\Glad\Glad.vcxproj   2 calls
                  1 ms  GetTargetPath                              1 calls
                  0 ms  GetNativeManifest                          1 calls
        6 ms  C:\dev\Athena\Athena\vendor\GLFW\GLFW.vcxproj   2 calls
                  0 ms  GetTargetPath                              1 calls
                  6 ms  GetNativeManifest                          1 calls
     1384 ms  C:\dev\Athena\Athena\Athena.vcxproj        1 calls
               1384 ms  Build                                      1 calls

Target Performance Summary:
        0 ms  _CheckForInvalidConfigurationAndPlatform   1 calls
        0 ms  ResolveReferences                          1 calls
        0 ms  BuildGenerateSourcesTraverse               1 calls
        0 ms  BeforeBuildGenerateSources                 1 calls
        0 ms  PreBuildEvent                              1 calls
        0 ms  _SelectedFiles                             1 calls
        0 ms  CopyFileToFolders                          1 calls
        0 ms  _Xsd                                       1 calls
        0 ms  MakeDirsForMidl                            1 calls
        0 ms  ComputeMIDLGeneratedCompileInputs          1 calls
        0 ms  SelectClCompile                            1 calls
        0 ms  AfterMidl                                  1 calls
        0 ms  AfterBuildGenerateSources                  1 calls
        0 ms  AfterBuildGenerateSourcesEvent             1 calls
        0 ms  _BuildGenerateSourcesAction                1 calls
        0 ms  BuildGenerateSources                       1 calls
        0 ms  BuildCompileTraverse                       1 calls
        0 ms  BeforeClCompile                            1 calls
        0 ms  ComputeCLInputPDBName                      1 calls
        0 ms  ComputeReferenceCLInput                    1 calls
        0 ms  SelectCustomBuild                          1 calls
        0 ms  _Midl                                      1 calls
        0 ms  ResolveAssemblyReferences                  1 calls
        0 ms  AfterResolveReferences                     1 calls
        0 ms  ExpandSDKReferences                        1 calls
        0 ms  _PrepareForBuild                           1 calls
        0 ms  _PrepareForReferenceResolution             1 calls
        0 ms  BeforeResolveReferences                    1 calls
        0 ms  _GetProjectReferenceTargetFrameworkProperties   1 calls
        0 ms  PrepareProjectReferences                   1 calls
        0 ms  _RemoveNameMetadataFromProjectReferenceItems   1 calls
        0 ms  GetReferenceAssemblyPaths                  1 calls
        0 ms  GetTargetPath                              3 calls
        0 ms  GetResolvedWinMD                           1 calls
        0 ms  PlatformPrepareForBuild                    1 calls
        0 ms  SetCABuildNativeEnvironmentVariables       1 calls
        0 ms  ResolveSDKReferences                       1 calls
        0 ms  SetBuildDefaultEnvironmentVariables        1 calls
        1 ms  GetFrameworkPaths                          1 calls
        1 ms  MakeDirsForCl                              1 calls
        1 ms  AssignProjectConfiguration                 1 calls
        1 ms  FixupCLCompileOptions                      1 calls
        1 ms  SetTelemetryEnvironmentVariables           1 calls
        1 ms  _CheckWindowsSDKInstalled                  1 calls
        1 ms  _SplitProjectReferencesByFileExistence     1 calls
        1 ms  _HandlePackageFileConflicts                1 calls
        2 ms  InitializeBuildStatus                      1 calls
        2 ms  PrepareForBuild                            1 calls
        5 ms  GetNativeManifest                          3 calls
       15 ms  ResolveProjectReferences                   1 calls
     1356 ms  ClCompile                                  1 calls

Task Performance Summary:
        0 ms  Message                                    2 calls
        0 ms  AssignProjectConfiguration                 1 calls
        0 ms  ResolveNonMSBuildProjectOutput             1 calls
        0 ms  ResolvePackageFileConflicts                1 calls
        0 ms  ReadLinesFromFile                          1 calls
        0 ms  WriteLinesToFile                           1 calls
        0 ms  GetOutOfDateItems                          1 calls
        1 ms  SetEnv                                     8 calls
        1 ms  Touch                                      1 calls
        2 ms  MakeDir                                    4 calls
       14 ms  MSBuild                                    2 calls
     1353 ms  CL                                         1 calls
